# JRE version: Java(TM) SE Runtime Environment (8.0_191-b12) (build 1.8.0_191-b12)
# Java VM: Java HotSpot(TM) 64-Bit Server VM (25.191-b12 mixed mode windows-amd64 compressed oops)
Heap:
 PSYoungGen      total 225792K, used 179208K [0x00000000d5f80000, 0x00000000e4c80000, 0x0000000100000000)
  eden space 210944K, 84% used [0x00000000d5f80000,0x00000000e0e82030,0x00000000e2d80000)
  from space 14848K, 0% used [0x00000000e3e00000,0x00000000e3e00000,0x00000000e4c80000)
  to   space 15872K, 18% used [0x00000000e2d80000,0x00000000e306c090,0x00000000e3d00000)
 ParOldGen       total 84992K, used 29016K [0x0000000081e00000, 0x0000000087100000, 0x00000000d5f80000)
  object space 84992K, 34% used [0x0000000081e00000,0x0000000083a56068,0x0000000087100000)
 Metaspace       used 56864K, capacity 60858K, committed 61056K, reserved 1101824K
  class space    used 8021K, capacity 8731K, committed 8832K, reserved 1048576K
GC Heap History (10 events):
Event: 85.234 GC heap after
Heap after GC invocations=16 (full 4):
 PSYoungGen      total 227328K, used 0K [0x00000000d5f80000, 0x00000000e4e80000, 0x0000000100000000)
  eden space 210944K, 0% used [0x00000000d5f80000,0x00000000d5f80000,0x00000000e2d80000)
  from space 16384K, 0% used [0x00000000e3e80000,0x00000000e3e80000,0x00000000e4e80000)
  to   space 16896K, 0% used [0x00000000e2d80000,0x00000000e2d80000,0x00000000e3e00000)
 ParOldGen       total 84992K, used 23622K [0x0000000081e00000, 0x0000000087100000, 0x00000000d5f80000)
  object space 84992K, 27% used [0x0000000081e00000,0x0000000083511958,0x0000000087100000)
 Metaspace       used 55707K, capacity 59302K, committed 59520K, reserved 1099776K
  class space    used 7897K, capacity 8516K, committed 8576K, reserved 1048576K
}
Event: 91.998 GC heap before
{Heap before GC invocations=17 (full 4):
 PSYoungGen      total 227328K, used 179524K [0x00000000d5f80000, 0x00000000e4e80000, 0x0000000100000000)
  eden space 210944K, 85% used [0x00000000d5f80000,0x00000000e0ed12a0,0x00000000e2d80000)
  from space 16384K, 0% used [0x00000000e3e80000,0x00000000e3e80000,0x00000000e4e80000)
  to   space 16896K, 0% used [0x00000000e2d80000,0x00000000e2d80000,0x00000000e3e00000)
 ParOldGen       total 84992K, used 23622K [0x0000000081e00000, 0x0000000087100000, 0x00000000d5f80000)
  object space 84992K, 27% used [0x0000000081e00000,0x0000000083511958,0x0000000087100000)
 Metaspace       used 56048K, capacity 59744K, committed 59904K, reserved 1099776K
  class space    used 7932K, capacity 8578K, committed 8704K, reserved 1048576K
Event: 92.010 GC heap after
Heap after GC invocations=17 (full 4):
 PSYoungGen      total 227840K, used 4888K [0x00000000d5f80000, 0x00000000e4e80000, 0x0000000100000000)
  eden space 210944K, 0% used [0x00000000d5f80000,0x00000000d5f80000,0x00000000e2d80000)
  from space 16896K, 28% used [0x00000000e2d80000,0x00000000e3246000,0x00000000e3e00000)
  to   space 16896K, 0% used [0x00000000e3e00000,0x00000000e3e00000,0x00000000e4e80000)
 ParOldGen       total 84992K, used 23630K [0x0000000081e00000, 0x0000000087100000, 0x00000000d5f80000)
  object space 84992K, 27% used [0x0000000081e00000,0x0000000083513958,0x0000000087100000)
 Metaspace       used 56048K, capacity 59744K, committed 59904K, reserved 1099776K
  class space    used 7932K, capacity 8578K, committed 8704K, reserved 1048576K
}
Event: 92.010 GC heap before
{Heap before GC invocations=18 (full 5):
 PSYoungGen      total 227840K, used 4888K [0x00000000d5f80000, 0x00000000e4e80000, 0x0000000100000000)
  eden space 210944K, 0% used [0x00000000d5f80000,0x00000000d5f80000,0x00000000e2d80000)
  from space 16896K, 28% used [0x00000000e2d80000,0x00000000e3246000,0x00000000e3e00000)
  to   space 16896K, 0% used [0x00000000e3e00000,0x00000000e3e00000,0x00000000e4e80000)
 ParOldGen       total 84992K, used 23630K [0x0000000081e00000, 0x0000000087100000, 0x00000000d5f80000)
  object space 84992K, 27% used [0x0000000081e00000,0x0000000083513958,0x0000000087100000)
 Metaspace       used 56048K, capacity 59744K, committed 59904K, reserved 1099776K
  class space    used 7932K, capacity 8578K, committed 8704K, reserved 1048576K
Event: 92.285 GC heap after
Heap after GC invocations=18 (full 5):
 PSYoungGen      total 227840K, used 0K [0x00000000d5f80000, 0x00000000e4e80000, 0x0000000100000000)
  eden space 210944K, 0% used [0x00000000d5f80000,0x00000000d5f80000,0x00000000e2d80000)
  from space 16896K, 0% used [0x00000000e2d80000,0x00000000e2d80000,0x00000000e3e00000)
  to   space 16896K, 0% used [0x00000000e3e00000,0x00000000e3e00000,0x00000000e4e80000)
 ParOldGen       total 84992K, used 25744K [0x0000000081e00000, 0x0000000087100000, 0x00000000d5f80000)
  object space 84992K, 30% used [0x0000000081e00000,0x0000000083724328,0x0000000087100000)
 Metaspace       used 56048K, capacity 59744K, committed 59904K, reserved 1099776K
  class space    used 7932K, capacity 8578K, committed 8704K, reserved 1048576K
}
Event: 222.810 GC heap before
{Heap before GC invocations=19 (full 5):
 PSYoungGen      total 227840K, used 185325K [0x00000000d5f80000, 0x00000000e4e80000, 0x0000000100000000)
  eden space 210944K, 87% used [0x00000000d5f80000,0x00000000e147b5f0,0x00000000e2d80000)
  from space 16896K, 0% used [0x00000000e2d80000,0x00000000e2d80000,0x00000000e3e00000)
  to   space 16896K, 0% used [0x00000000e3e00000,0x00000000e3e00000,0x00000000e4e80000)
 ParOldGen       total 84992K, used 25744K [0x0000000081e00000, 0x0000000087100000, 0x00000000d5f80000)
  object space 84992K, 30% used [0x0000000081e00000,0x0000000083724328,0x0000000087100000)
 Metaspace       used 56541K, capacity 60446K, committed 60672K, reserved 1101824K
  class space    used 7993K, capacity 8684K, committed 8704K, reserved 1048576K
Event: 222.835 GC heap after
Heap after GC invocations=19 (full 5):
 PSYoungGen      total 225792K, used 5975K [0x00000000d5f80000, 0x00000000e4c80000, 0x0000000100000000)
  eden space 210944K, 0% used [0x00000000d5f80000,0x00000000d5f80000,0x00000000e2d80000)
  from space 14848K, 40% used [0x00000000e3e00000,0x00000000e43d5d00,0x00000000e4c80000)
  to   space 15872K, 0% used [0x00000000e2d80000,0x00000000e2d80000,0x00000000e3d00000)
 ParOldGen       total 84992K, used 25752K [0x0000000081e00000, 0x0000000087100000, 0x00000000d5f80000)
  object space 84992K, 30% used [0x0000000081e00000,0x0000000083726328,0x0000000087100000)
 Metaspace       used 56541K, capacity 60446K, committed 60672K, reserved 1101824K
  class space    used 7993K, capacity 8684K, committed 8704K, reserved 1048576K
}
Event: 222.836 GC heap before
{Heap before GC invocations=20 (full 6):
 PSYoungGen      total 225792K, used 5975K [0x00000000d5f80000, 0x00000000e4c80000, 0x0000000100000000)
  eden space 210944K, 0% used [0x00000000d5f80000,0x00000000d5f80000,0x00000000e2d80000)
  from space 14848K, 40% used [0x00000000e3e00000,0x00000000e43d5d00,0x00000000e4c80000)
  to   space 15872K, 0% used [0x00000000e2d80000,0x00000000e2d80000,0x00000000e3d00000)
 ParOldGen       total 84992K, used 25752K [0x0000000081e00000, 0x0000000087100000, 0x00000000d5f80000)
  object space 84992K, 30% used [0x0000000081e00000,0x0000000083726328,0x0000000087100000)
 Metaspace       used 56541K, capacity 60446K, committed 60672K, reserved 1101824K
  class space    used 7993K, capacity 8684K, committed 8704K, reserved 1048576K
Event: 223.148 GC heap after
Heap after GC invocations=20 (full 6):
 PSYoungGen      total 225792K, used 0K [0x00000000d5f80000, 0x00000000e4c80000, 0x0000000100000000)
  eden space 210944K, 0% used [0x00000000d5f80000,0x00000000d5f80000,0x00000000e2d80000)
  from space 14848K, 0% used [0x00000000e3e00000,0x00000000e3e00000,0x00000000e4c80000)
  to   space 15872K, 0% used [0x00000000e2d80000,0x00000000e2d80000,0x00000000e3d00000)
 ParOldGen       total 84992K, used 29008K [0x0000000081e00000, 0x0000000087100000, 0x00000000d5f80000)
  object space 84992K, 34% used [0x0000000081e00000,0x0000000083a54068,0x0000000087100000)
 Metaspace       used 56541K, capacity 60446K, committed 60672K, reserved 1101824K
  class space    used 7993K, capacity 8684K, committed 8704K, reserved 1048576K
}
Event: 269.176 GC heap before
{Heap before GC invocations=21 (full 6):
 PSYoungGen      total 225792K, used 179207K [0x00000000d5f80000, 0x00000000e4c80000, 0x0000000100000000)
  eden space 210944K, 84% used [0x00000000d5f80000,0x00000000e0e81f40,0x00000000e2d80000)
  from space 14848K, 0% used [0x00000000e3e00000,0x00000000e3e00000,0x00000000e4c80000)
  to   space 15872K, 0% used [0x00000000e2d80000,0x00000000e2d80000,0x00000000e3d00000)
 ParOldGen       total 84992K, used 29008K [0x0000000081e00000, 0x0000000087100000, 0x00000000d5f80000)
  object space 84992K, 34% used [0x0000000081e00000,0x0000000083a54068,0x0000000087100000)
 Metaspace       used 56864K, capacity 60858K, committed 61056K, reserved 1101824K
  class space    used 8021K, capacity 8731K, committed 8832K, reserved 1048576K

